# JRE version: OpenJDK Runtime Environment Temurin-21.0.4+7 (21.0.4+7) (build 21.0.4+7-LTS)
# Java VM: OpenJDK 64-Bit Server VM Temurin-21.0.4+7 (21.0.4+7-LTS, mixed mode, emulated-client, tiered, compressed oops, compressed class ptrs, g1 gc, windows-amd64)
GC Precious Log:
 CardTable entry size: 512
 Card Set container configuration: InlinePtr #cards 4 size 8 Array Of Cards #cards 32 size 80 Howl #buckets 8 coarsen threshold 7372 Howl Bitmap #cards 1024 size 144 coarsen threshold 921 Card regions per heap region 1 cards per card region 8192
 CPUs: 20 total, 20 available
 Memory: 32492M
 Large Page Support: Disabled
 NUMA Support: Disabled
 Compressed Oops: Enabled (Zero based)
 Heap Region Size: 4M
 Heap Min Capacity: 8M
 Heap Initial Capacity: 508M
 Heap Max Capacity: 8124M
 Pre-touch: Disabled
 Parallel Workers: 15
 Concurrent Workers: 4
 Concurrent Refinement Workers: 15
 Periodic GC: Disabled
Heap:
 garbage-first heap   total 122880K, used 77052K [0x0000000604400000, 0x0000000800000000)
  region size 4096K, 12 young (49152K), 2 survivors (8192K)
 Metaspace       used 72983K, committed 73664K, reserved 1114112K
  class space    used 8961K, committed 9280K, reserved 1048576K
GC Heap History (20 events):
Event: 1376.769 GC heap after
{Heap after GC invocations=55 (full 8):
 garbage-first heap   total 122880K, used 30946K [0x0000000604400000, 0x0000000800000000)
  region size 4096K, 0 young (0K), 0 survivors (0K)
 Metaspace       used 71976K, committed 72640K, reserved 1114112K
  class space    used 8836K, committed 9152K, reserved 1048576K
}
Event: 1377.205 GC heap before
{Heap before GC invocations=55 (full 8):
 garbage-first heap   total 122880K, used 100578K [0x0000000604400000, 0x0000000800000000)
  region size 4096K, 18 young (73728K), 0 survivors (0K)
 Metaspace       used 72203K, committed 72832K, reserved 1114112K
  class space    used 8872K, committed 9152K, reserved 1048576K
}
Event: 1377.208 GC heap after
{Heap after GC invocations=56 (full 8):
 garbage-first heap   total 122880K, used 35574K [0x0000000604400000, 0x0000000800000000)
  region size 4096K, 2 young (8192K), 2 survivors (8192K)
 Metaspace       used 72203K, committed 72832K, reserved 1114112K
  class space    used 8872K, committed 9152K, reserved 1048576K
}
Event: 1377.484 GC heap before
{Heap before GC invocations=56 (full 8):
 garbage-first heap   total 122880K, used 97014K [0x0000000604400000, 0x0000000800000000)
  region size 4096K, 17 young (69632K), 2 survivors (8192K)
 Metaspace       used 72473K, committed 73152K, reserved 1114112K
  class space    used 8894K, committed 9216K, reserved 1048576K
}
Event: 1377.486 GC heap after
{Heap after GC invocations=57 (full 8):
 garbage-first heap   total 122880K, used 36538K [0x0000000604400000, 0x0000000800000000)
  region size 4096K, 2 young (8192K), 2 survivors (8192K)
 Metaspace       used 72473K, committed 73152K, reserved 1114112K
  class space    used 8894K, committed 9216K, reserved 1048576K
}
Event: 1377.751 GC heap before
{Heap before GC invocations=57 (full 8):
 garbage-first heap   total 122880K, used 97978K [0x0000000604400000, 0x0000000800000000)
  region size 4096K, 17 young (69632K), 2 survivors (8192K)
 Metaspace       used 72473K, committed 73152K, reserved 1114112K
  class space    used 8894K, committed 9216K, reserved 1048576K
}
Event: 1377.753 GC heap after
{Heap after GC invocations=58 (full 8):
 garbage-first heap   total 122880K, used 37656K [0x0000000604400000, 0x0000000800000000)
  region size 4096K, 2 young (8192K), 2 survivors (8192K)
 Metaspace       used 72473K, committed 73152K, reserved 1114112K
  class space    used 8894K, committed 9216K, reserved 1048576K
}
Event: 1377.985 GC heap before
{Heap before GC invocations=58 (full 8):
 garbage-first heap   total 122880K, used 99096K [0x0000000604400000, 0x0000000800000000)
  region size 4096K, 17 young (69632K), 2 survivors (8192K)
 Metaspace       used 72481K, committed 73152K, reserved 1114112K
  class space    used 8897K, committed 9216K, reserved 1048576K
}
Event: 1377.987 GC heap after
{Heap after GC invocations=59 (full 8):
 garbage-first heap   total 122880K, used 38850K [0x0000000604400000, 0x0000000800000000)
  region size 4096K, 2 young (8192K), 2 survivors (8192K)
 Metaspace       used 72481K, committed 73152K, reserved 1114112K
  class space    used 8897K, committed 9216K, reserved 1048576K
}
Event: 1390.664 GC heap before
{Heap before GC invocations=59 (full 8):
 garbage-first heap   total 122880K, used 71618K [0x0000000604400000, 0x0000000800000000)
  region size 4096K, 11 young (45056K), 2 survivors (8192K)
 Metaspace       used 72485K, committed 73152K, reserved 1114112K
  class space    used 8898K, committed 9216K, reserved 1048576K
}
Event: 1390.709 GC heap after
{Heap after GC invocations=60 (full 9):
 garbage-first heap   total 122880K, used 31278K [0x0000000604400000, 0x0000000800000000)
  region size 4096K, 0 young (0K), 0 survivors (0K)
 Metaspace       used 72459K, committed 73152K, reserved 1114112K
  class space    used 8894K, committed 9216K, reserved 1048576K
}
Event: 1391.139 GC heap before
{Heap before GC invocations=60 (full 9):
 garbage-first heap   total 122880K, used 105006K [0x0000000604400000, 0x0000000800000000)
  region size 4096K, 18 young (73728K), 0 survivors (0K)
 Metaspace       used 72690K, committed 73344K, reserved 1114112K
  class space    used 8931K, committed 9216K, reserved 1048576K
}
Event: 1391.142 GC heap after
{Heap after GC invocations=61 (full 9):
 garbage-first heap   total 122880K, used 36044K [0x0000000604400000, 0x0000000800000000)
  region size 4096K, 2 young (8192K), 2 survivors (8192K)
 Metaspace       used 72690K, committed 73344K, reserved 1114112K
  class space    used 8931K, committed 9216K, reserved 1048576K
}
Event: 1391.468 GC heap before
{Heap before GC invocations=61 (full 9):
 garbage-first heap   total 122880K, used 97484K [0x0000000604400000, 0x0000000800000000)
  region size 4096K, 17 young (69632K), 2 survivors (8192K)
 Metaspace       used 72956K, committed 73664K, reserved 1114112K
  class space    used 8953K, committed 9280K, reserved 1048576K
}
Event: 1391.470 GC heap after
{Heap after GC invocations=62 (full 9):
 garbage-first heap   total 122880K, used 37103K [0x0000000604400000, 0x0000000800000000)
  region size 4096K, 2 young (8192K), 2 survivors (8192K)
 Metaspace       used 72956K, committed 73664K, reserved 1114112K
  class space    used 8953K, committed 9280K, reserved 1048576K
}
Event: 1391.721 GC heap before
{Heap before GC invocations=62 (full 9):
 garbage-first heap   total 122880K, used 98543K [0x0000000604400000, 0x0000000800000000)
  region size 4096K, 17 young (69632K), 2 survivors (8192K)
 Metaspace       used 72957K, committed 73664K, reserved 1114112K
  class space    used 8953K, committed 9280K, reserved 1048576K
}
Event: 1391.725 GC heap after
{Heap after GC invocations=63 (full 9):
 garbage-first heap   total 122880K, used 37972K [0x0000000604400000, 0x0000000800000000)
  region size 4096K, 2 young (8192K), 2 survivors (8192K)
 Metaspace       used 72957K, committed 73664K, reserved 1114112K
  class space    used 8953K, committed 9280K, reserved 1048576K
}
Event: 1392.033 GC heap before
{Heap before GC invocations=63 (full 9):
 garbage-first heap   total 122880K, used 99412K [0x0000000604400000, 0x0000000800000000)
  region size 4096K, 17 young (69632K), 2 survivors (8192K)
 Metaspace       used 72965K, committed 73664K, reserved 1114112K
  class space    used 8956K, committed 9280K, reserved 1048576K
}
Event: 1392.037 GC heap after
{Heap after GC invocations=64 (full 9):
 garbage-first heap   total 122880K, used 38972K [0x0000000604400000, 0x0000000800000000)
  region size 4096K, 2 young (8192K), 2 survivors (8192K)
 Metaspace       used 72965K, committed 73664K, reserved 1114112K
  class space    used 8956K, committed 9280K, reserved 1048576K
}
Event: 1427.162 GC heap before
{Heap before GC invocations=64 (full 9):
 garbage-first heap   total 122880K, used 75836K [0x0000000604400000, 0x0000000800000000)
  region size 4096K, 12 young (49152K), 2 survivors (8192K)
 Metaspace       used 72983K, committed 73664K, reserved 1114112K
  class space    used 8961K, committed 9280K, reserved 1048576K
}

