# JRE version: OpenJDK Runtime Environment Temurin-21.0.4+7 (21.0.4+7) (build 21.0.4+7-LTS)
# Java VM: OpenJDK 64-Bit Server VM Temurin-21.0.4+7 (21.0.4+7-LTS, mixed mode, emulated-client, tiered, compressed oops, compressed class ptrs, g1 gc, windows-amd64)
GC Precious Log:
 CardTable entry size: 512
 Card Set container configuration: InlinePtr #cards 4 size 8 Array Of Cards #cards 32 size 80 Howl #buckets 8 coarsen threshold 7372 Howl Bitmap #cards 1024 size 144 coarsen threshold 921 Card regions per heap region 1 cards per card region 8192
 CPUs: 20 total, 20 available
 Memory: 32492M
 Large Page Support: Disabled
 NUMA Support: Disabled
 Compressed Oops: Enabled (Zero based)
 Heap Region Size: 4M
 Heap Min Capacity: 8M
 Heap Initial Capacity: 508M
 Heap Max Capacity: 8124M
 Pre-touch: Disabled
 Parallel Workers: 15
 Concurrent Workers: 4
 Concurrent Refinement Workers: 15
 Periodic GC: Disabled
Heap:
 garbage-first heap   total 323584K, used 64939K [0x0000000604400000, 0x0000000800000000)
  region size 4096K, 10 young (40960K), 2 survivors (8192K)
 Metaspace       used 67879K, committed 69120K, reserved 1114112K
  class space    used 8449K, committed 9024K, reserved 1048576K
GC Heap History (20 events):
Event: 4190.258 GC heap after
{Heap after GC invocations=76 (full 3):
 garbage-first heap   total 86016K, used 28534K [0x0000000604400000, 0x0000000800000000)
  region size 4096K, 2 young (8192K), 2 survivors (8192K)
 Metaspace       used 67639K, committed 69056K, reserved 1114112K
  class space    used 8426K, committed 9024K, reserved 1048576K
}
Event: 4190.395 GC heap before
{Heap before GC invocations=76 (full 3):
 garbage-first heap   total 86016K, used 61302K [0x0000000604400000, 0x0000000800000000)
  region size 4096K, 10 young (40960K), 2 survivors (8192K)
 Metaspace       used 67658K, committed 69056K, reserved 1114112K
  class space    used 8432K, committed 9024K, reserved 1048576K
}
Event: 4190.399 GC heap after
{Heap after GC invocations=77 (full 3):
 garbage-first heap   total 303104K, used 29708K [0x0000000604400000, 0x0000000800000000)
  region size 4096K, 2 young (8192K), 2 survivors (8192K)
 Metaspace       used 67658K, committed 69056K, reserved 1114112K
  class space    used 8432K, committed 9024K, reserved 1048576K
}
Event: 4216.429 GC heap before
{Heap before GC invocations=78 (full 3):
 garbage-first heap   total 122880K, used 95244K [0x0000000604400000, 0x0000000800000000)
  region size 4096K, 18 young (73728K), 2 survivors (8192K)
 Metaspace       used 67813K, committed 69056K, reserved 1114112K
  class space    used 8470K, committed 9024K, reserved 1048576K
}
Event: 4216.431 GC heap after
{Heap after GC invocations=79 (full 3):
 garbage-first heap   total 122880K, used 29774K [0x0000000604400000, 0x0000000800000000)
  region size 4096K, 2 young (8192K), 2 survivors (8192K)
 Metaspace       used 67813K, committed 69056K, reserved 1114112K
  class space    used 8470K, committed 9024K, reserved 1048576K
}
Event: 4266.346 GC heap before
{Heap before GC invocations=79 (full 3):
 garbage-first heap   total 122880K, used 95310K [0x0000000604400000, 0x0000000800000000)
  region size 4096K, 18 young (73728K), 2 survivors (8192K)
 Metaspace       used 67982K, committed 69056K, reserved 1114112K
  class space    used 8497K, committed 9024K, reserved 1048576K
}
Event: 4266.351 GC heap after
{Heap after GC invocations=80 (full 3):
 garbage-first heap   total 122880K, used 33271K [0x0000000604400000, 0x0000000800000000)
  region size 4096K, 3 young (12288K), 3 survivors (12288K)
 Metaspace       used 67982K, committed 69056K, reserved 1114112K
  class space    used 8497K, committed 9024K, reserved 1048576K
}
Event: 4266.604 GC heap before
{Heap before GC invocations=80 (full 3):
 garbage-first heap   total 122880K, used 94711K [0x0000000604400000, 0x0000000800000000)
  region size 4096K, 18 young (73728K), 3 survivors (12288K)
 Metaspace       used 68119K, committed 69056K, reserved 1114112K
  class space    used 8510K, committed 9024K, reserved 1048576K
}
Event: 4266.609 GC heap after
{Heap after GC invocations=81 (full 3):
 garbage-first heap   total 122880K, used 34635K [0x0000000604400000, 0x0000000800000000)
  region size 4096K, 2 young (8192K), 2 survivors (8192K)
 Metaspace       used 68119K, committed 69056K, reserved 1114112K
  class space    used 8510K, committed 9024K, reserved 1048576K
}
Event: 4266.896 GC heap before
{Heap before GC invocations=82 (full 3):
 garbage-first heap   total 122880K, used 100171K [0x0000000604400000, 0x0000000800000000)
  region size 4096K, 18 young (73728K), 2 survivors (8192K)
 Metaspace       used 68129K, committed 69056K, reserved 1114112K
  class space    used 8513K, committed 9024K, reserved 1048576K
}
Event: 4266.899 GC heap after
{Heap after GC invocations=83 (full 3):
 garbage-first heap   total 122880K, used 35935K [0x0000000604400000, 0x0000000800000000)
  region size 4096K, 2 young (8192K), 2 survivors (8192K)
 Metaspace       used 68129K, committed 69056K, reserved 1114112K
  class space    used 8513K, committed 9024K, reserved 1048576K
}
Event: 4286.208 GC heap before
{Heap before GC invocations=83 (full 3):
 garbage-first heap   total 122880K, used 97375K [0x0000000604400000, 0x0000000800000000)
  region size 4096K, 18 young (73728K), 2 survivors (8192K)
 Metaspace       used 68153K, committed 69120K, reserved 1114112K
  class space    used 8519K, committed 9024K, reserved 1048576K
}
Event: 4286.212 GC heap after
{Heap after GC invocations=84 (full 3):
 garbage-first heap   total 122880K, used 37149K [0x0000000604400000, 0x0000000800000000)
  region size 4096K, 2 young (8192K), 2 survivors (8192K)
 Metaspace       used 68153K, committed 69120K, reserved 1114112K
  class space    used 8519K, committed 9024K, reserved 1048576K
}
Event: 4286.313 GC heap before
{Heap before GC invocations=84 (full 3):
 garbage-first heap   total 122880K, used 98589K [0x0000000604400000, 0x0000000800000000)
  region size 4096K, 18 young (73728K), 2 survivors (8192K)
 Metaspace       used 68153K, committed 69120K, reserved 1114112K
  class space    used 8519K, committed 9024K, reserved 1048576K
}
Event: 4286.317 GC heap after
{Heap after GC invocations=85 (full 3):
 garbage-first heap   total 122880K, used 36338K [0x0000000604400000, 0x0000000800000000)
  region size 4096K, 2 young (8192K), 2 survivors (8192K)
 Metaspace       used 68153K, committed 69120K, reserved 1114112K
  class space    used 8519K, committed 9024K, reserved 1048576K
}
Event: 4287.472 GC heap before
{Heap before GC invocations=86 (full 3):
 garbage-first heap   total 122880K, used 97778K [0x0000000604400000, 0x0000000800000000)
  region size 4096K, 18 young (73728K), 2 survivors (8192K)
 Metaspace       used 67851K, committed 69120K, reserved 1114112K
  class space    used 8444K, committed 9024K, reserved 1048576K
}
Event: 4287.475 GC heap after
{Heap after GC invocations=87 (full 3):
 garbage-first heap   total 323584K, used 37061K [0x0000000604400000, 0x0000000800000000)
  region size 4096K, 2 young (8192K), 2 survivors (8192K)
 Metaspace       used 67851K, committed 69120K, reserved 1114112K
  class space    used 8444K, committed 9024K, reserved 1048576K
}
Event: 4628.000 GC heap before
{Heap before GC invocations=87 (full 3):
 garbage-first heap   total 323584K, used 217285K [0x0000000604400000, 0x0000000800000000)
  region size 4096K, 47 young (192512K), 2 survivors (8192K)
 Metaspace       used 67871K, committed 69120K, reserved 1114112K
  class space    used 8448K, committed 9024K, reserved 1048576K
}
Event: 4628.003 GC heap after
{Heap after GC invocations=88 (full 3):
 garbage-first heap   total 323584K, used 32531K [0x0000000604400000, 0x0000000800000000)
  region size 4096K, 2 young (8192K), 2 survivors (8192K)
 Metaspace       used 67871K, committed 69120K, reserved 1114112K
  class space    used 8448K, committed 9024K, reserved 1048576K
}
Event: 4694.548 GC heap before
{Heap before GC invocations=88 (full 3):
 garbage-first heap   total 323584K, used 61203K [0x0000000604400000, 0x0000000800000000)
  region size 4096K, 10 young (40960K), 2 survivors (8192K)
 Metaspace       used 67879K, committed 69120K, reserved 1114112K
  class space    used 8449K, committed 9024K, reserved 1048576K
}

